[debug] [2022-12-26T02:45:42.877Z] ----------------------------------------------------------------------
[debug] [2022-12-26T02:45:42.880Z] Command:       C:\Program Files\nodejs\node.exe C:\Users\Ueslei\AppData\Roaming\npm\node_modules\firebase-tools\lib\bin\firebase.js init
[debug] [2022-12-26T02:45:42.881Z] CLI Version:   11.19.0
[debug] [2022-12-26T02:45:42.882Z] Platform:      win32
[debug] [2022-12-26T02:45:42.882Z] Node Version:  v18.12.1
[debug] [2022-12-26T02:45:42.883Z] Time:          Sun Dec 25 2022 23:45:42 GMT-0300 (Horário Padrão de Brasília)
[debug] [2022-12-26T02:45:42.883Z] ----------------------------------------------------------------------
[debug] 
[debug] [2022-12-26T02:45:42.961Z] > command requires scopes: ["email","openid","https://www.googleapis.com/auth/cloudplatformprojects.readonly","https://www.googleapis.com/auth/firebase","https://www.googleapis.com/auth/cloud-platform"]
[debug] [2022-12-26T02:45:42.961Z] > authorizing via signed-in user (ueshow.ut@gmail.com)
[info] 
     ######## #### ########  ######## ########     ###     ######  ########
     ##        ##  ##     ## ##       ##     ##  ##   ##  ##       ##
     ######    ##  ########  ######   ########  #########  ######  ######
     ##        ##  ##    ##  ##       ##     ## ##     ##       ## ##
     ##       #### ##     ## ######## ########  ##     ##  ######  ########

You're about to initialize a Firebase project in this directory:

  C:\Users\Ueslei\OneDrive\Área de Trabalho\ReactJSproject

Before we get started, keep in mind:

  * You are initializing within an existing Firebase project directory

[info] 
=== Project Setup
[info] 
[info] First, let's associate this project directory with a Firebase project.
[info] You can create multiple project aliases by running firebase use --add, 
[info] but for now we'll just set up a default project.
[info] 
[debug] [2022-12-26T02:45:53.936Z] Using project from CLI flag: reactproject-c258f
[debug] [2022-12-26T02:45:53.938Z] >>> [apiv2][query] GET https://firebase.googleapis.com/v1beta1/projects/reactproject-c258f [none]
[debug] [2022-12-26T02:45:54.505Z] <<< [apiv2][status] GET https://firebase.googleapis.com/v1beta1/projects/reactproject-c258f 200
[debug] [2022-12-26T02:45:54.505Z] <<< [apiv2][body] GET https://firebase.googleapis.com/v1beta1/projects/reactproject-c258f {"projectId":"reactproject-c258f","projectNumber":"595434988539","displayName":"ReactProject","name":"projects/reactproject-c258f","resources":{"hostingSite":"reactproject-c258f"},"state":"ACTIVE","etag":"1_7231490b-3588-4c0b-9cfa-7d7f3b2fcccc"}
[info] i  Using project reactproject-c258f (ReactProject) 
[info] 
=== Hosting Setup
[info] 
[info] Your public directory is the folder (relative to your project directory) that
[info] will contain Hosting assets to be uploaded with firebase deploy. If you
[info] have a build process for your assets, use your build's output directory.
[info] 
[debug] [2022-12-26T02:46:04.009Z] >>> [apiv2][query] GET https://www.gstatic.com/firebasejs/releases.json [none]
[debug] [2022-12-26T02:46:04.830Z] <<< [apiv2][status] GET https://www.gstatic.com/firebasejs/releases.json 200
[debug] [2022-12-26T02:46:04.830Z] <<< [apiv2][body] GET https://www.gstatic.com/firebasejs/releases.json {"current":{"version":"9.15.0","browserURL":"https://www.gstatic.com/firebasejs/9.15.0/firebase.js","packageURL":"https://www.gstatic.com/firebasejs/9.15.0/firebase.tgz"},"live":{"version":"9.15","browserURL":"https://www.gstatic.com/firebasejs/live/9.15/firebase.js","packageURL":"https://www.gstatic.com/firebasejs/live/9.15/firebase.tgz"},"components":{"analytics":"https://www.gstatic.com/firebasejs/9.15.0/firebase-analytics.js","app":"https://www.gstatic.com/firebasejs/9.15.0/firebase-app.js","app-check":"https://www.gstatic.com/firebasejs/9.15.0/firebase-app-check.js","auth":"https://www.gstatic.com/firebasejs/9.15.0/firebase-auth.js","auth/cordova":"https://www.gstatic.com/firebasejs/9.15.0/firebase-auth/cordova.js","auth/react-native":"https://www.gstatic.com/firebasejs/9.15.0/firebase-auth/react-native.js","functions":"https://www.gstatic.com/firebasejs/9.15.0/firebase-functions.js","firestore":"https://www.gstatic.com/firebasejs/9.15.0/firebase-firestore.js","firestore/lite":"https://www.gstatic.com/firebasejs/9.15.0/firebase-firestore/lite.js","installations":"https://www.gstatic.com/firebasejs/9.15.0/firebase-installations.js","storage":"https://www.gstatic.com/firebasejs/9.15.0/firebase-storage.js","performance":"https://www.gstatic.com/firebasejs/9.15.0/firebase-performance.js","remote-config":"https://www.gstatic.com/firebasejs/9.15.0/firebase-remote-config.js","messaging":"https://www.gstatic.com/firebasejs/9.15.0/firebase-messaging.js","messaging/sw":"https://www.gstatic.com/firebasejs/9.15.0/firebase-messaging/sw.js","database":"https://www.gstatic.com/firebasejs/9.15.0/firebase-database.js","firestore.memory":"https://www.gstatic.com/firebasejs/9.15.0/firebase-firestore.memory.js"}}
[info] i  Skipping write of public/index.html 
[info] 
[info] i  Detected a .git folder at C:\Users\Ueslei\OneDrive\Área de Trabalho\ReactJSproject 
[info] i  Authorizing with GitHub to upload your service account to a GitHub repository's secrets store. 
[info] 
[info] Visit this URL on this device to log in:
[info] https://github.com/login/oauth/authorize?client_id=89cf50f02ac6aaed3484&state=214457461&redirect_uri=http%3A%2F%2Flocalhost%3A9005&scope=read%3Auser%20repo%20public_repo
[info] 
[info] Waiting for authentication...
[debug] [2022-12-26T02:46:39.548Z] >>> [apiv2][query] POST https://github.com/login/oauth/access_token [none]
[debug] [2022-12-26T02:46:39.551Z] >>> [apiv2][body] POST https://github.com/login/oauth/access_token [stream]
[debug] [2022-12-26T02:46:40.154Z] <<< [apiv2][status] POST https://github.com/login/oauth/access_token 200
[debug] [2022-12-26T02:46:40.154Z] <<< [apiv2][body] POST https://github.com/login/oauth/access_token {"access_token":"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","token_type":"bearer","scope":"read:user,repo"}
[debug] [2022-12-26T02:46:40.162Z] >>> [apiv2][query] GET https://api.github.com/user [none]
[debug] [2022-12-26T02:46:40.767Z] <<< [apiv2][status] GET https://api.github.com/user 200
[debug] [2022-12-26T02:46:40.767Z] <<< [apiv2][body] GET https://api.github.com/user {"login":"UesleiD","id":85713877,"node_id":"MDQ6VXNlcjg1NzEzODc3","avatar_url":"https://avatars.githubusercontent.com/u/85713877?v=4","gravatar_id":"","url":"https://api.github.com/users/UesleiD","html_url":"https://github.com/UesleiD","followers_url":"https://api.github.com/users/UesleiD/followers","following_url":"https://api.github.com/users/UesleiD/following{/other_user}","gists_url":"https://api.github.com/users/UesleiD/gists{/gist_id}","starred_url":"https://api.github.com/users/UesleiD/starred{/owner}{/repo}","subscriptions_url":"https://api.github.com/users/UesleiD/subscriptions","organizations_url":"https://api.github.com/users/UesleiD/orgs","repos_url":"https://api.github.com/users/UesleiD/repos","events_url":"https://api.github.com/users/UesleiD/events{/privacy}","received_events_url":"https://api.github.com/users/UesleiD/received_events","type":"User","site_admin":false,"name":null,"company":null,"blog":"","location":null,"email":null,"hireable":null,"bio":null,"twitter_username":null,"public_repos":8,"public_gists":0,"followers":0,"following":0,"created_at":"2021-06-10T23:24:50Z","updated_at":"2022-12-08T18:51:55Z","private_gists":0,"total_private_repos":0,"owned_private_repos":0,"disk_usage":37388,"collaborators":0,"two_factor_authentication":false,"plan":{"name":"free","space":976562499,"collaborators":0,"private_repos":10000}}
[info] 
[info] +  Success! Logged into GitHub as UesleiD 
[info] 
[debug] [2022-12-26T02:47:11.878Z] ----------------------------------------------------------------------
[debug] [2022-12-26T02:47:11.880Z] Command:       C:\Program Files\nodejs\node.exe C:\Users\Ueslei\AppData\Roaming\npm\node_modules\firebase-tools\lib\bin\firebase.js init
[debug] [2022-12-26T02:47:11.880Z] CLI Version:   11.19.0
[debug] [2022-12-26T02:47:11.881Z] Platform:      win32
[debug] [2022-12-26T02:47:11.881Z] Node Version:  v18.12.1
[debug] [2022-12-26T02:47:11.882Z] Time:          Sun Dec 25 2022 23:47:11 GMT-0300 (Horário Padrão de Brasília)
[debug] [2022-12-26T02:47:11.882Z] ----------------------------------------------------------------------
[debug] 
[debug] [2022-12-26T02:47:11.952Z] > command requires scopes: ["email","openid","https://www.googleapis.com/auth/cloudplatformprojects.readonly","https://www.googleapis.com/auth/firebase","https://www.googleapis.com/auth/cloud-platform"]
[debug] [2022-12-26T02:47:11.952Z] > authorizing via signed-in user (ueshow.ut@gmail.com)
[info] 
     ######## #### ########  ######## ########     ###     ######  ########
     ##        ##  ##     ## ##       ##     ##  ##   ##  ##       ##
     ######    ##  ########  ######   ########  #########  ######  ######
     ##        ##  ##    ##  ##       ##     ## ##     ##       ## ##
     ##       #### ##     ## ######## ########  ##     ##  ######  ########

You're about to initialize a Firebase project in this directory:

  C:\Users\Ueslei\OneDrive\Área de Trabalho\ReactJSproject

Before we get started, keep in mind:

  * You are initializing within an existing Firebase project directory

[info] 
=== Project Setup
[info] 
[info] First, let's associate this project directory with a Firebase project.
[info] You can create multiple project aliases by running firebase use --add, 
[info] but for now we'll just set up a default project.
[info] 
[debug] [2022-12-26T02:47:20.084Z] Using project from CLI flag: reactproject-c258f
[debug] [2022-12-26T02:47:20.087Z] >>> [apiv2][query] GET https://firebase.googleapis.com/v1beta1/projects/reactproject-c258f [none]
[debug] [2022-12-26T02:47:20.740Z] <<< [apiv2][status] GET https://firebase.googleapis.com/v1beta1/projects/reactproject-c258f 200
[debug] [2022-12-26T02:47:20.740Z] <<< [apiv2][body] GET https://firebase.googleapis.com/v1beta1/projects/reactproject-c258f {"projectId":"reactproject-c258f","projectNumber":"595434988539","displayName":"ReactProject","name":"projects/reactproject-c258f","resources":{"hostingSite":"reactproject-c258f"},"state":"ACTIVE","etag":"1_7231490b-3588-4c0b-9cfa-7d7f3b2fcccc"}
[info] i  Using project reactproject-c258f (ReactProject) 
[info] 
=== Database Setup
[info] i  database: ensuring required API firebasedatabase.googleapis.com is enabled... 
[debug] [2022-12-26T02:47:20.750Z] >>> [apiv2][query] GET https://serviceusage.googleapis.com/v1/projects/reactproject-c258f/services/firebasedatabase.googleapis.com [none]
[debug] [2022-12-26T02:47:20.750Z] >>> [apiv2][(partial)header] GET https://serviceusage.googleapis.com/v1/projects/reactproject-c258f/services/firebasedatabase.googleapis.com x-goog-quota-user=projects/reactproject-c258f
[debug] [2022-12-26T02:47:21.870Z] <<< [apiv2][status] GET https://serviceusage.googleapis.com/v1/projects/reactproject-c258f/services/firebasedatabase.googleapis.com 200
[debug] [2022-12-26T02:47:21.870Z] <<< [apiv2][body] GET https://serviceusage.googleapis.com/v1/projects/reactproject-c258f/services/firebasedatabase.googleapis.com [omitted]
[warn] !  database: missing required API firebasedatabase.googleapis.com. Enabling now... 
[debug] [2022-12-26T02:47:21.871Z] >>> [apiv2][query] POST https://serviceusage.googleapis.com/v1/projects/reactproject-c258f/services/firebasedatabase.googleapis.com:enable [none]
[debug] [2022-12-26T02:47:21.871Z] >>> [apiv2][(partial)header] POST https://serviceusage.googleapis.com/v1/projects/reactproject-c258f/services/firebasedatabase.googleapis.com:enable x-goog-quota-user=projects/reactproject-c258f
[debug] [2022-12-26T02:47:23.632Z] <<< [apiv2][status] POST https://serviceusage.googleapis.com/v1/projects/reactproject-c258f/services/firebasedatabase.googleapis.com:enable 200
[debug] [2022-12-26T02:47:23.632Z] <<< [apiv2][body] POST https://serviceusage.googleapis.com/v1/projects/reactproject-c258f/services/firebasedatabase.googleapis.com:enable [omitted]
[debug] [2022-12-26T02:47:33.634Z] >>> [apiv2][query] GET https://serviceusage.googleapis.com/v1/projects/reactproject-c258f/services/firebasedatabase.googleapis.com [none]
[debug] [2022-12-26T02:47:33.634Z] >>> [apiv2][(partial)header] GET https://serviceusage.googleapis.com/v1/projects/reactproject-c258f/services/firebasedatabase.googleapis.com x-goog-quota-user=projects/reactproject-c258f
[debug] [2022-12-26T02:47:34.913Z] <<< [apiv2][status] GET https://serviceusage.googleapis.com/v1/projects/reactproject-c258f/services/firebasedatabase.googleapis.com 200
[debug] [2022-12-26T02:47:34.913Z] <<< [apiv2][body] GET https://serviceusage.googleapis.com/v1/projects/reactproject-c258f/services/firebasedatabase.googleapis.com [omitted]
[info] +  database: required API firebasedatabase.googleapis.com is enabled 
[info] 
[debug] [2022-12-26T02:47:34.922Z] >>> [apiv2][query] GET https://firebase.googleapis.com/v1beta1/projects/reactproject-c258f [none]
[debug] [2022-12-26T02:47:35.480Z] <<< [apiv2][status] GET https://firebase.googleapis.com/v1beta1/projects/reactproject-c258f 200
[debug] [2022-12-26T02:47:35.480Z] <<< [apiv2][body] GET https://firebase.googleapis.com/v1beta1/projects/reactproject-c258f {"projectId":"reactproject-c258f","projectNumber":"595434988539","displayName":"ReactProject","name":"projects/reactproject-c258f","resources":{"hostingSite":"reactproject-c258f"},"state":"ACTIVE","etag":"1_7231490b-3588-4c0b-9cfa-7d7f3b2fcccc"}
